{ "msg_showcmd", "sl:1", "tick:652", false, { { 0, ":" } } }
{ "cmdline_show", "sl:1", "tick:653", "mode:c", { { 0, "" } } }
{ "cmdline_show", "sl:1", "tick:656", "mode:c", { { 0, "N" } } }
{ "cmdline_show", "sl:1", "tick:658", "mode:c", { { 0, "No" } } }
{ "cmdline_show", "sl:1", "tick:660", "mode:c", { { 0, "Noi" } } }
{ "cmdline_show", "sl:1", "tick:662", "mode:c", { { 0, "Noice" } } }
{ "cmdline_show", "sl:1", "tick:664", "mode:c", { { 0, "NoiceAll" } } }
{ "cmdline_hide", "sl:1", "tick:666", false, 1 }
{ "msg_showcmd", "sl:1", "tick:667", false, { { 0, "^[" } } }
{ "msg_showcmd", "sl:1", "tick:669", false, { { 0, ":" } } }
{ "cmdline_show", "sl:1", "tick:670", "mode:c", { { 0, "" } } }
{ "cmdline_show", "sl:1", "tick:673", "mode:c", { { 0, "N" } } }
{ "cmdline_show", "sl:1", "tick:675", "mode:c", { { 0, "No" } } }
{ "cmdline_show", "sl:1", "tick:677", "mode:c", { { 0, "NoMatchParen" } } }
{ "cmdline_show", "sl:1", "tick:679", "mode:c", { { 0, "Noice" } } }
{ "cmdline_show", "sl:1", "tick:681", "mode:c", { { 0, "NoiceAll" } } }
{ "cmdline_show", "sl:1", "tick:683", "mode:c", { { 0, "NoiceConfig" } } }
{ "cmdline_show", "sl:1", "tick:685", "mode:c", { { 0, "NoiceDebug" } } }
{ "cmdline_show", "sl:1", "tick:687", "mode:c", { { 0, "NoiceDisable" } } }
{ "cmdline_show", "sl:1", "tick:689", "mode:c", { { 0, "NoiceDismiss" } } }
{ "cmdline_show", "sl:1", "tick:691", "mode:c", { { 0, "NoiceEnable" } } }
{ "cmdline_show", "sl:1", "tick:693", "mode:c", { { 0, "NoiceErrors" } } }
{ "cmdline_show", "sl:1", "tick:695", "mode:c", { { 0, "NoiceHistory" } } }
{ "cmdline_show", "sl:1", "tick:697", "mode:c", { { 0, "NoiceLast" } } }
{ "cmdline_show", "sl:1", "tick:699", "mode:c", { { 0, "NoiceLog" } } }
{ "cmdline_show", "sl:1", "tick:701", "mode:c", { { 0, "NoiceRoutes" } } }
{ "cmdline_hide", "sl:1", "tick:703", false, 1 }
{ "msg_showcmd", "sl:1", "tick:704", false, { { 0, "^[" } } }
{ "msg_showcmd", "sl:1", "tick:706", false, { { 0, "^[" } } }
{ "msg_showcmd", "sl:1", "tick:708", false, { { 0, ":" } } }
{ "cmdline_show", "sl:1", "tick:709", "mode:c", { { 0, "" } } }
{ "cmdline_hide", "sl:1", "tick:712", false, 1 }
{ "msg_showcmd", "sl:1", "tick:713", false, { { 0, "~@k" } } }
{ "msg_showcmd", "sl:1", "tick:715", false, { { 0, ":" } } }
{ "cmdline_show", "sl:1", "tick:716", "mode:c", { { 0, "" } } }
{ "cmdline_show", "sl:1", "tick:719", "mode:c", { { 0, "w" } } }
{ "cmdline_hide", "sl:1", "tick:721", false, 1 }
{ "msg_show", "sl:1", "tick:722", false, "" }
{ "msg_show", "sl:1", "tick:723", false, "" }
{ "msg_showcmd", "sl:1", "tick:726", false, { { 0, ":" } } }
{ "cmdline_show", "sl:1", "tick:727", "mode:c", { { 0, "" } } }
{ "cmdline_show", "sl:1", "tick:730", "mode:c", { { 0, "q" } } }
{ "cmdline_hide", "sl:1", "tick:732", false, 1 }
